d:\test\test_qt\mybird\mybird\mybird\x64\release\moc_bird.obj
d:\test\test_qt\mybird\mybird\mybird\x64\release\qrc_mainscene.obj
d:\test\test_qt\mybird\mybird\mybird\x64\release\moc_mainscene.obj
d:\test\test_qt\mybird\mybird\mybird\x64\release\main.obj
d:\test\test_qt\mybird\mybird\mybird\x64\release\mainscene.obj
d:\test\test_qt\mybird\mybird\mybird\x64\release\bird.obj
d:\test\test_qt\mybird\mybird\x64\release\mybird.exe
d:\test\test_qt\mybird\mybird\mybird\x64\release\moc\moc_mainscene.cpp
d:\test\test_qt\mybird\mybird\mybird\x64\release\moc\moc_bird.cpp
d:\test\test_qt\mybird\mybird\mybird\x64\release\uic\ui_mainscene.h
d:\test\test_qt\mybird\mybird\mybird\x64\release\rcc\qrc_mainscene.cpp
d:\test\test_qt\mybird\mybird\mybird\x64\release\mybird.tlog\cl.17488.write.1.tlog
d:\test\test_qt\mybird\mybird\mybird\x64\release\mybird.tlog\cl.command.1.tlog
d:\test\test_qt\mybird\mybird\mybird\x64\release\mybird.tlog\cl.read.1.tlog
d:\test\test_qt\mybird\mybird\mybird\x64\release\mybird.tlog\link.command.1.tlog
d:\test\test_qt\mybird\mybird\mybird\x64\release\mybird.tlog\link.read.1.tlog
d:\test\test_qt\mybird\mybird\mybird\x64\release\mybird.tlog\link.write.1.tlog
d:\test\test_qt\mybird\mybird\mybird\x64\release\mybird.tlog\moc.read.1u.tlog
d:\test\test_qt\mybird\mybird\mybird\x64\release\mybird.tlog\moc.write.1u.tlog
d:\test\test_qt\mybird\mybird\mybird\x64\release\mybird.tlog\mybird.write.1u.tlog
d:\test\test_qt\mybird\mybird\mybird\x64\release\mybird.tlog\rcc.read.1u.tlog
d:\test\test_qt\mybird\mybird\mybird\x64\release\mybird.tlog\rcc.write.1u.tlog
d:\test\test_qt\mybird\mybird\mybird\x64\release\mybird.tlog\uic.read.1u.tlog
d:\test\test_qt\mybird\mybird\mybird\x64\release\mybird.tlog\uic.write.1u.tlog
