d:\test\test_qt\mybird\mybird\mybird\x64\debug\moc_mainscene.obj
d:\test\test_qt\mybird\mybird\mybird\x64\debug\moc_bird.obj
d:\test\test_qt\mybird\mybird\mybird\x64\debug\qrc_mainscene.obj
d:\test\test_qt\mybird\mybird\mybird\x64\debug\vc141.pdb
d:\test\test_qt\mybird\mybird\mybird\x64\debug\bird.obj
d:\test\test_qt\mybird\mybird\mybird\x64\debug\mainscene.obj
d:\test\test_qt\mybird\mybird\mybird\x64\debug\main.obj
d:\test\test_qt\mybird\mybird\x64\debug\mybird.exe
d:\test\test_qt\mybird\mybird\x64\debug\mybird.ilk
d:\test\test_qt\mybird\mybird\x64\debug\mybird.pdb
d:\test\test_qt\mybird\mybird\mybird\x64\debug\moc\moc_mainscene.cpp
d:\test\test_qt\mybird\mybird\mybird\x64\debug\moc\moc_bird.cpp
d:\test\test_qt\mybird\mybird\mybird\x64\debug\uic\ui_mainscene.h
d:\test\test_qt\mybird\mybird\mybird\x64\debug\rcc\qrc_mainscene.cpp
d:\test\test_qt\mybird\mybird\mybird\x64\debug\mybird.tlog\cl.command.1.tlog
d:\test\test_qt\mybird\mybird\mybird\x64\debug\mybird.tlog\cl.read.1.tlog
d:\test\test_qt\mybird\mybird\mybird\x64\debug\mybird.tlog\cl.write.1.tlog
d:\test\test_qt\mybird\mybird\mybird\x64\debug\mybird.tlog\link.command.1.tlog
d:\test\test_qt\mybird\mybird\mybird\x64\debug\mybird.tlog\link.read.1.tlog
d:\test\test_qt\mybird\mybird\mybird\x64\debug\mybird.tlog\link.write.1.tlog
d:\test\test_qt\mybird\mybird\mybird\x64\debug\mybird.tlog\moc.read.1u.tlog
d:\test\test_qt\mybird\mybird\mybird\x64\debug\mybird.tlog\moc.write.1u.tlog
d:\test\test_qt\mybird\mybird\mybird\x64\debug\mybird.tlog\mybird.write.1u.tlog
d:\test\test_qt\mybird\mybird\mybird\x64\debug\mybird.tlog\rcc.read.1u.tlog
d:\test\test_qt\mybird\mybird\mybird\x64\debug\mybird.tlog\rcc.write.1u.tlog
d:\test\test_qt\mybird\mybird\mybird\x64\debug\mybird.tlog\uic.read.1u.tlog
d:\test\test_qt\mybird\mybird\mybird\x64\debug\mybird.tlog\uic.write.1u.tlog
